<?xml version="1.0" encoding="UTF-8"?>
<testng-results ignored="2" total="3" passed="1" failed="0" skipped="0">
  <reporter-output>
  </reporter-output>
  <suite started-at="2021-01-13T00:21:54Z" name="FREE CRM Application Test Automation Test Suite" finished-at="2021-01-13T00:22:05Z" duration-ms="10524">
    <groups>
      <group name="regression">
        <method signature="LoginPageTest.loginPageTitleTest()[pri:0, instance:com.crm.qa.testcases.LoginPageTest@26b3fd41]" name="loginPageTitleTest" class="com.crm.qa.testcases.LoginPageTest"/>
      </group> <!-- regression -->
    </groups>
    <test started-at="2021-01-13T00:21:54Z" name="Free CRM App Test Cases" finished-at="2021-01-13T00:22:05Z" duration-ms="10524">
      <class name="com.crm.qa.testcases.LoginPageTest">
        <test-method is-config="true" signature="setUp()[pri:0, instance:com.crm.qa.testcases.LoginPageTest@26b3fd41]" started-at="2021-01-12T19:21:54Z" name="setUp" finished-at="2021-01-12T19:22:04Z" duration-ms="9715" status="PASS">
          <reporter-output>
          </reporter-output>
        </test-method> <!-- setUp -->
        <test-method signature="loginPageTitleTest()[pri:0, instance:com.crm.qa.testcases.LoginPageTest@26b3fd41]" started-at="2021-01-12T19:22:04Z" name="loginPageTitleTest" finished-at="2021-01-12T19:22:04Z" duration-ms="15" status="PASS">
          <reporter-output>
          </reporter-output>
        </test-method> <!-- loginPageTitleTest -->
        <test-method is-config="true" signature="tearDown()[pri:0, instance:com.crm.qa.testcases.LoginPageTest@26b3fd41]" started-at="2021-01-12T19:22:04Z" name="tearDown" finished-at="2021-01-12T19:22:05Z" duration-ms="773" status="PASS">
          <reporter-output>
          </reporter-output>
        </test-method> <!-- tearDown -->
      </class> <!-- com.crm.qa.testcases.LoginPageTest -->
    </test> <!-- Free CRM App Test Cases -->
  </suite> <!-- FREE CRM Application Test Automation Test Suite -->
</testng-results>
